2024-06-20T20:25:59.634Z warn: undefined
2024-06-20T20:29:20.815Z warn: undefined
2024-06-20T20:29:58.932Z error: undefined
2024-06-20T20:31:25.475Z error: undefined
2024-06-20T20:31:39.828Z warn: undefined
2024-06-20T20:32:11.892Z warn: [object Object]
2024-06-20T20:32:37.611Z warn: [object Object]
2024-06-20T20:33:18.807Z warn: undefined   undefined
2024-06-20T20:33:45.803Z warn: GET /todos/
2024-06-20T20:34:07.035Z warn: DELETE /todos/76da02c3-5949-4c2b-8af4-c6c23e8b190b
2024-06-20T20:34:14.502Z warn: POST /todos
2024-06-20T20:34:24.653Z warn: GET /users/available-users?page=1&limit=3
2024-06-20T20:35:17.205Z warn: GET /users/available-users?page=1&limit=3 returned [object Object]
2024-06-20T20:35:38.938Z warn: GET /users/available-users?page=1&limit=3 returned 401
2024-06-20T20:35:49.984Z warn: PATCH /todos/clear-completed returned 401
2024-06-20T20:37:32.086Z warn: PATCH /todos/clear-completed returned 401
2024-06-20T20:38:27.471Z warn: PATCH /todos/clear-completed returned 401
2024-06-20T20:39:14.084Z warn: PATCH /todos/clear-completed returned 401
undefined
2024-06-20T20:41:56.969Z warn: PATCH /todos/clear-completed returned undefined
2024-06-20T20:42:21.250Z warn: PATCH /todos/clear-completed returned undefined in 5 ms
2024-06-20T20:42:35.132Z warn: PATCH /todos/clear-completed returned 401 in 5 ms
2024-06-20T20:42:58.743Z warn: PATCH /todos/clear-completed returned 401 in 6 ms
2024-06-20T20:44:25.752Z warn: PATCH /todos/clear-completed returned 401 in 4 ms
2024-06-20T20:45:01.474Z warn: POST /todos returned 401 in 4 ms
2024-06-20T20:46:01.134Z warn: POST /todos returned 401 in 4 ms
2024-06-20T20:47:24.946Z warn: POST /todos returned 401 in 4 ms with message "Failed to authenticate token."
2024-06-20T20:47:39.038Z info: POST /auth/login returned 200 in 84 ms with message "Success"
2024-06-20T20:47:55.015Z info: POST /todos returned 200 in 19 ms with message "Success"
